[2026-01-20T09:28:34.223Z] Starting conversion for volume: e556cee2-9324-4a64-b013-1c684136cb00
Storage path: volumes/FL - I0000004.vol
Local file: C:\Users\igrs\project-anu\Vol-conversion\temp_downloads\e556cee2-9324-4a64-b013-1c684136cb00_FL - I0000004.vol
Name: FL
[STDERR] When loading module  "CropVolume" , the dependency "ResampleScalarVectorDWIVolume" failed to be loaded.

[STDOUT] qSlicerMarkupsModulePrivate::addToolBar: no main window is available, toolbar is not added

[STDOUT] qSlicerSequencesModulePrivate::addToolBar: no main window is available, toolbar is not added

[STDERR] Traceback (most recent call last):
  File "C:/Users/igrs/AppData/Local/slicer.org/3D Slicer 5.10.0/slicer.org/Extensions-34045/SlicerHeart/lib/Slicer-5.10/qt-scripted-modules/ValveAnnulusAnalysis.py", line 115, in initializeHeartValveLib
    HeartValveLib.setup(usPresetsScenePath)
  File "C:\Users\igrs\AppData\Local\slicer.org\3D Slicer 5.10.0\slicer.org\Extensions-34045\SlicerHeart\lib\Slicer-5.10\qt-scripted-modules\HeartValveLib\HeartValves.py", line 22, in setup

[STDERR]     registerCustomLayouts()
  File "C:\Users\igrs\AppData\Local\slicer.org\3D Slicer 5.10.0\slicer.org\Extensions-34045\SlicerHeart\lib\Slicer-5.10\qt-scripted-modules\HeartValveLib\HeartValves.py", line 132, in registerCustomLayouts

[STDERR]     layoutManager.layoutLogic().GetLayoutNode().AddLayoutDescription(CardiacFourUpViewLayoutId, customLayout)
    ^^^^^^^^^^^^^^^^^^^^^^^^^
AttributeError: 'NoneType' object has no attribute 'layoutLogic'

[STDERR] Traceback (most recent call last):
  File "C:/Users/igrs/AppData/Local/slicer.org/3D Slicer 5.10.0/slicer.org/Extensions-34045/SlicerHeart/lib/Slicer-5.10/qt-scripted-modules/VirtualCathLab.py", line 57, in onStartupCompleted

[STDERR]     VirtualCathLabLogic.addViewLayouts()
  File "C:/Users/igrs/AppData/Local/slicer.org/3D Slicer 5.10.0/slicer.org/Extensions-34045/SlicerHeart/lib/Slicer-5.10/qt-scripted-modules/VirtualCathLab.py", line 654, in addViewLayouts

[STDERR]     layoutLogic = layoutManager.layoutLogic()

[STDERR]                   ^^^^^^^^^^^^^^^^^^^^^^^^^
AttributeError: 'NoneType' object has no attribute 'layoutLogic'

[STDERR] Traceback (most recent call last):
  File "<string>", line 5, in <module>

[STDERR]   File "<string>", line 196, in <module>
ModuleNotFoundError: No module named 'supabase'

